<?xml version="1.0" encoding="UTF-8"?>
<coverage generated="1530300959499" clover="3.2.0">
  <project timestamp="1530300959499" name="All files">
    <metrics statements="112" coveredstatements="3" conditionals="321" coveredconditionals="0" methods="54" coveredmethods="1" elements="487" coveredelements="4" complexity="0" loc="112" ncloc="112" packages="3" files="6" classes="6">
      <package name="Nextjs-sample-app">
        <metrics statements="1" coveredstatements="1" conditionals="0" coveredconditionals="0" methods="0" coveredmethods="0"/>
        <file name="jest.setup.js" path="/home/kryptoknight/open source/react-tuts-udemy/Nextjs-sample-app/jest.setup.js">
          <metrics statements="1" coveredstatements="1" conditionals="0" coveredconditionals="0" methods="0" coveredmethods="0"/>
          <line num="4" count="1" type="stmt"/>
        </file>
      </package>
      <package name="Nextjs-sample-app.components">
        <metrics statements="6" coveredstatements="2" conditionals="0" coveredconditionals="0" methods="2" coveredmethods="1"/>
        <file name="Compo.js" path="/home/kryptoknight/open source/react-tuts-udemy/Nextjs-sample-app/components/Compo.js">
          <metrics statements="2" coveredstatements="2" conditionals="0" coveredconditionals="0" methods="1" coveredmethods="1"/>
          <line num="1" count="1" type="stmt"/>
          <line num="2" count="1" type="stmt"/>
        </file>
        <file name="Layout.js" path="/home/kryptoknight/open source/react-tuts-udemy/Nextjs-sample-app/components/Layout.js">
          <metrics statements="4" coveredstatements="0" conditionals="0" coveredconditionals="0" methods="1" coveredmethods="0"/>
          <line num="4" count="0" type="stmt"/>
          <line num="5" count="0" type="stmt"/>
          <line num="8" count="0" type="stmt"/>
          <line num="9" count="0" type="stmt"/>
        </file>
      </package>
      <package name="Nextjs-sample-app.coverage.lcov-report">
        <metrics statements="105" coveredstatements="0" conditionals="321" coveredconditionals="0" methods="52" coveredmethods="0"/>
        <file name="block-navigation.js" path="/home/kryptoknight/open source/react-tuts-udemy/Nextjs-sample-app/coverage/lcov-report/block-navigation.js">
          <metrics statements="27" coveredstatements="0" conditionals="15" coveredconditionals="0" methods="6" coveredmethods="0"/>
          <line num="1" count="0" type="stmt"/>
          <line num="3" count="0" type="stmt"/>
          <line num="6" count="0" type="stmt"/>
          <line num="9" count="0" type="stmt"/>
          <line num="12" count="0" type="stmt"/>
          <line num="17" count="0" type="stmt"/>
          <line num="18" count="0" type="stmt"/>
          <line num="22" count="0" type="stmt"/>
          <line num="23" count="0" type="stmt"/>
          <line num="24" count="0" type="stmt"/>
          <line num="29" count="0" type="stmt"/>
          <line num="30" count="0" type="cond" truecount="0" falsecount="4"/>
          <line num="31" count="0" type="stmt"/>
          <line num="32" count="0" type="cond" truecount="0" falsecount="2"/>
          <line num="33" count="0" type="stmt"/>
          <line num="36" count="0" type="stmt"/>
          <line num="40" count="0" type="stmt"/>
          <line num="42" count="0" type="cond" truecount="0" falsecount="4"/>
          <line num="43" count="0" type="stmt"/>
          <line num="46" count="0" type="stmt"/>
          <line num="49" count="0" type="stmt"/>
          <line num="50" count="0" type="stmt"/>
          <line num="53" count="0" type="stmt"/>
          <line num="54" count="0" type="stmt"/>
          <line num="58" count="0" type="stmt"/>
          <line num="59" count="0" type="stmt"/>
          <line num="63" count="0" type="stmt"/>
        </file>
        <file name="prettify.js" path="/home/kryptoknight/open source/react-tuts-udemy/Nextjs-sample-app/coverage/lcov-report/prettify.js">
          <metrics statements="1" coveredstatements="0" conditionals="284" coveredconditionals="0" methods="29" coveredmethods="0"/>
          <line num="1" count="0" type="cond" truecount="0" falsecount="284"/>
        </file>
        <file name="sorter.js" path="/home/kryptoknight/open source/react-tuts-udemy/Nextjs-sample-app/coverage/lcov-report/sorter.js">
          <metrics statements="77" coveredstatements="0" conditionals="22" coveredconditionals="0" methods="17" coveredmethods="0"/>
          <line num="1" count="0" type="stmt"/>
          <line num="4" count="0" type="stmt"/>
          <line num="10" count="0" type="stmt"/>
          <line num="12" count="0" type="stmt"/>
          <line num="14" count="0" type="stmt"/>
          <line num="16" count="0" type="stmt"/>
          <line num="20" count="0" type="stmt"/>
          <line num="22" count="0" type="stmt"/>
          <line num="26" count="0" type="stmt"/>
          <line num="27" count="0" type="stmt"/>
          <line num="28" count="0" type="stmt"/>
          <line num="33" count="0" type="stmt"/>
          <line num="34" count="0" type="cond" truecount="0" falsecount="2"/>
          <line num="35" count="0" type="stmt"/>
          <line num="36" count="0" type="stmt"/>
          <line num="39" count="0" type="stmt"/>
          <line num="44" count="0" type="stmt"/>
          <line num="47" count="0" type="stmt"/>
          <line num="50" count="0" type="stmt"/>
          <line num="51" count="0" type="stmt"/>
          <line num="52" count="0" type="stmt"/>
          <line num="53" count="0" type="stmt"/>
          <line num="54" count="0" type="cond" truecount="0" falsecount="2"/>
          <line num="55" count="0" type="stmt"/>
          <line num="57" count="0" type="stmt"/>
          <line num="59" count="0" type="stmt"/>
          <line num="63" count="0" type="stmt"/>
          <line num="66" count="0" type="stmt"/>
          <line num="67" count="0" type="stmt"/>
          <line num="72" count="0" type="stmt"/>
          <line num="73" count="0" type="stmt"/>
          <line num="74" count="0" type="stmt"/>
          <line num="75" count="0" type="stmt"/>
          <line num="76" count="0" type="cond" truecount="0" falsecount="4"/>
          <line num="78" count="0" type="stmt"/>
          <line num="79" count="0" type="stmt"/>
          <line num="80" count="0" type="stmt"/>
          <line num="81" count="0" type="stmt"/>
          <line num="84" count="0" type="cond" truecount="0" falsecount="2"/>
          <line num="85" count="0" type="stmt"/>
          <line num="86" count="0" type="stmt"/>
          <line num="90" count="0" type="stmt"/>
          <line num="91" count="0" type="stmt"/>
          <line num="92" count="0" type="stmt"/>
          <line num="95" count="0" type="stmt"/>
          <line num="97" count="0" type="stmt"/>
          <line num="98" count="0" type="stmt"/>
          <line num="103" count="0" type="stmt"/>
          <line num="104" count="0" type="stmt"/>
          <line num="106" count="0" type="stmt"/>
          <line num="107" count="0" type="stmt"/>
          <line num="111" count="0" type="cond" truecount="0" falsecount="2"/>
          <line num="117" count="0" type="stmt"/>
          <line num="118" count="0" type="stmt"/>
          <line num="120" count="0" type="stmt"/>
          <line num="121" count="0" type="stmt"/>
          <line num="123" count="0" type="cond" truecount="0" falsecount="2"/>
          <line num="124" count="0" type="stmt"/>
          <line num="126" count="0" type="stmt"/>
          <line num="127" count="0" type="stmt"/>
          <line num="128" count="0" type="stmt"/>
          <line num="129" count="0" type="stmt"/>
          <line num="130" count="0" type="stmt"/>
          <line num="133" count="0" type="stmt"/>
          <line num="134" count="0" type="cond" truecount="0" falsecount="2"/>
          <line num="137" count="0" type="stmt"/>
          <line num="138" count="0" type="cond" truecount="0" falsecount="2"/>
          <line num="139" count="0" type="stmt"/>
          <line num="141" count="0" type="stmt"/>
          <line num="147" count="0" type="stmt"/>
          <line num="148" count="0" type="cond" truecount="0" falsecount="2"/>
          <line num="149" count="0" type="stmt"/>
          <line num="151" count="0" type="stmt"/>
          <line num="152" count="0" type="stmt"/>
          <line num="153" count="0" type="stmt"/>
          <line num="154" count="0" type="stmt"/>
          <line num="158" count="0" type="stmt"/>
        </file>
      </package>
    </metrics>
  </project>
</coverage>
